[19:56:28] [main/INFO]: Loading Minecraft 1.20.4 with Fabric Loader 0.16.3
[19:56:28] [main/INFO]: Loading 4 mods:
	- fabricloader 0.16.3
	   \-- mixinextras 0.4.1
	- java 21
	- minecraft 1.20.4
[19:56:28] [main/INFO]: SpongePowered MIXIN Subsystem Version=0.8.7 Source=file:/workspaces/chulkercraft/servidor_minecraft/libraries/net/fabricmc/sponge-mixin/0.15.2+mixin.0.8.7/sponge-mixin-0.15.2+mixin.0.8.7.jar Service=Knot/Fabric Env=SERVER
[19:56:33] [main/INFO]: Environment: Environment[sessionHost=https://sessionserver.mojang.com, servicesHost=https://api.minecraftservices.com, name=PROD]
[19:56:34] [main/INFO]: No existing world data, creating new world
[19:56:35] [main/INFO]: Loaded 7 recipes
[19:56:35] [main/INFO]: Loaded 1271 advancements
[19:56:35] [Server thread/INFO]: Starting minecraft server version 1.20.4
[19:56:35] [Server thread/INFO]: Loading properties
[19:56:35] [Server thread/INFO]: Default game type: SURVIVAL
[19:56:35] [Server thread/INFO]: Generating keypair
[19:56:36] [Server thread/INFO]: Starting Minecraft server on *:25565
[19:56:36] [Server thread/INFO]: Using epoll channel type
[19:56:36] [Server thread/WARN]: **** SERVER IS RUNNING IN OFFLINE/INSECURE MODE!
[19:56:36] [Server thread/WARN]: The server will make no attempt to authenticate usernames. Beware.
[19:56:36] [Server thread/WARN]: While this makes the game possible to play without internet access, it also opens up the ability for hackers to connect with any username they choose.
[19:56:36] [Server thread/WARN]: To change this, set "online-mode" to "true" in the server.properties file.
[19:56:36] [Server thread/INFO]: Preparing level "world"
[19:56:42] [Server thread/INFO]: Preparing start region for dimension minecraft:overworld
[19:56:43] [Worker-Main-2/INFO]: Preparing spawn area: 0%
[19:56:43] [Worker-Main-2/INFO]: Preparing spawn area: 0%
[19:56:43] [Worker-Main-1/INFO]: Preparing spawn area: 0%
[19:56:44] [Worker-Main-3/INFO]: Preparing spawn area: 0%
[19:56:44] [Worker-Main-2/INFO]: Preparing spawn area: 0%
[19:56:45] [Worker-Main-3/INFO]: Preparing spawn area: 1%
[19:56:45] [Worker-Main-2/INFO]: Preparing spawn area: 2%
[19:56:46] [Worker-Main-1/INFO]: Preparing spawn area: 3%
[19:56:46] [Worker-Main-3/INFO]: Preparing spawn area: 3%
[19:56:47] [Worker-Main-2/INFO]: Preparing spawn area: 4%
[19:56:47] [Worker-Main-2/INFO]: Preparing spawn area: 5%
[19:56:48] [Worker-Main-3/INFO]: Preparing spawn area: 5%
[19:56:48] [Worker-Main-2/INFO]: Preparing spawn area: 7%
[19:56:49] [Worker-Main-2/INFO]: Preparing spawn area: 9%
[19:56:49] [Worker-Main-1/INFO]: Preparing spawn area: 10%
[19:56:50] [Worker-Main-1/INFO]: Preparing spawn area: 10%
[19:56:50] [Worker-Main-3/INFO]: Preparing spawn area: 13%
[19:56:51] [Worker-Main-3/INFO]: Preparing spawn area: 15%
[19:56:51] [Worker-Main-2/INFO]: Preparing spawn area: 16%
[19:56:52] [Worker-Main-3/INFO]: Preparing spawn area: 17%
[19:56:52] [Worker-Main-3/INFO]: Preparing spawn area: 19%
[19:56:53] [Worker-Main-2/INFO]: Preparing spawn area: 22%
[19:56:53] [Worker-Main-3/INFO]: Preparing spawn area: 23%
[19:56:54] [Worker-Main-1/INFO]: Preparing spawn area: 25%
[19:56:54] [Worker-Main-3/INFO]: Preparing spawn area: 26%
[19:56:55] [Worker-Main-2/INFO]: Preparing spawn area: 29%
[19:56:55] [Worker-Main-1/INFO]: Preparing spawn area: 31%
[19:56:56] [Worker-Main-3/INFO]: Preparing spawn area: 34%
[19:56:56] [Worker-Main-3/INFO]: Preparing spawn area: 37%
[19:56:57] [Worker-Main-2/INFO]: Preparing spawn area: 39%
[19:56:57] [Worker-Main-1/INFO]: Preparing spawn area: 42%
[19:56:58] [Worker-Main-3/INFO]: Preparing spawn area: 43%
[19:56:58] [Worker-Main-1/INFO]: Preparing spawn area: 45%
[19:56:59] [Worker-Main-2/INFO]: Preparing spawn area: 48%
[19:56:59] [Worker-Main-1/INFO]: Preparing spawn area: 51%
[19:57:00] [Worker-Main-2/INFO]: Preparing spawn area: 52%
[19:57:00] [Worker-Main-2/INFO]: Preparing spawn area: 54%
[19:57:01] [Worker-Main-2/INFO]: Preparing spawn area: 57%
[19:57:01] [Worker-Main-3/INFO]: Preparing spawn area: 59%
[19:57:02] [Worker-Main-1/INFO]: Preparing spawn area: 62%
[19:57:02] [Worker-Main-3/INFO]: Preparing spawn area: 63%
[19:57:03] [Worker-Main-2/INFO]: Preparing spawn area: 67%
[19:57:03] [Worker-Main-2/INFO]: Preparing spawn area: 68%
[19:57:04] [Worker-Main-1/INFO]: Preparing spawn area: 72%
[19:57:04] [Worker-Main-2/INFO]: Preparing spawn area: 74%
[19:57:05] [Worker-Main-3/INFO]: Preparing spawn area: 77%
[19:57:05] [Worker-Main-3/INFO]: Preparing spawn area: 80%
[19:57:06] [Worker-Main-3/INFO]: Preparing spawn area: 83%
[19:57:06] [Worker-Main-2/INFO]: Preparing spawn area: 86%
[19:57:07] [Worker-Main-1/INFO]: Preparing spawn area: 88%
[19:57:07] [Worker-Main-3/INFO]: Preparing spawn area: 91%
[19:57:08] [Worker-Main-1/INFO]: Preparing spawn area: 93%
[19:57:08] [Worker-Main-1/INFO]: Preparing spawn area: 96%
[19:57:09] [Worker-Main-3/INFO]: Preparing spawn area: 99%
[19:57:09] [Server thread/INFO]: Time elapsed: 26530 ms
[19:57:09] [Server thread/INFO]: Done (33.097s)! For help, type "help"
[19:57:09] [Server thread/INFO]: Unknown or incomplete command, see below for error
[19:57:09] [Server thread/INFO]: home/codespace/.python/current/bin/python3 /workspaces/chulkercraft/msx.py<--[HERE]
[20:01:18] [Server thread/INFO]: Fuxion25[/127.61.226.218:50955] logged in with entity id 332 at (-8.5, 79.0, 18.5)
[20:01:18] [Server thread/INFO]: Fuxion25 joined the game
[20:05:15] [Server thread/INFO]: Fuxion25 lost connection: Disconnected
[20:05:15] [Server thread/INFO]: Fuxion25 left the game
